2022-08-19 13:10:59,752 CRIT Supervisor is running as root.  Privileges were not dropped because no user is specified in the config file.  If you intend to run as root, you can set user=root in the config file to avoid this message.
2022-08-19 13:10:59,758 INFO supervisord started with pid 1
2022-08-19 13:11:00,761 INFO spawned: 'php-fpm' with pid 7
2022-08-19 13:11:00,764 INFO spawned: 'queue-worker_00' with pid 8
2022-08-19 13:11:00,767 INFO spawned: 'queue-worker_01' with pid 9
2022-08-19 13:11:00,770 INFO spawned: 'queue-worker_02' with pid 10
2022-08-19 13:11:00,778 INFO spawned: 'queue-worker_03' with pid 11
2022-08-19 13:11:00,785 INFO spawned: 'queue-worker_04' with pid 12
2022-08-19 13:11:00,797 INFO spawned: 'queue-worker_05' with pid 13
2022-08-19 13:11:00,800 INFO spawned: 'queue-worker_06' with pid 14
2022-08-19 13:11:00,812 INFO spawned: 'queue-worker_07' with pid 15
2022-08-19 13:11:00,826 INFO exited: queue-worker_01 (exit status 1; not expected)
2022-08-19 13:11:00,829 INFO exited: queue-worker_03 (exit status 1; not expected)
2022-08-19 13:11:00,854 INFO exited: queue-worker_02 (exit status 1; not expected)
2022-08-19 13:11:00,859 INFO exited: queue-worker_07 (exit status 1; not expected)
2022-08-19 13:11:00,873 INFO exited: queue-worker_00 (exit status 1; not expected)
2022-08-19 13:11:00,899 INFO exited: queue-worker_04 (exit status 1; not expected)
2022-08-19 13:11:00,905 INFO exited: queue-worker_05 (exit status 1; not expected)
2022-08-19 13:11:00,910 INFO exited: queue-worker_06 (exit status 1; not expected)
2022-08-19 13:11:01,917 INFO success: php-fpm entered RUNNING state, process has stayed up for > than 1 seconds (startsecs)
2022-08-19 13:11:01,926 INFO spawned: 'queue-worker_00' with pid 18
2022-08-19 13:11:01,946 INFO spawned: 'queue-worker_01' with pid 19
2022-08-19 13:11:01,953 INFO spawned: 'queue-worker_02' with pid 20
2022-08-19 13:11:01,971 INFO spawned: 'queue-worker_03' with pid 21
2022-08-19 13:11:01,979 INFO spawned: 'queue-worker_04' with pid 22
2022-08-19 13:11:01,984 INFO spawned: 'queue-worker_05' with pid 23
2022-08-19 13:11:02,000 INFO spawned: 'queue-worker_06' with pid 24
2022-08-19 13:11:02,010 INFO spawned: 'queue-worker_07' with pid 25
2022-08-19 13:11:02,020 INFO exited: queue-worker_00 (exit status 1; not expected)
2022-08-19 13:11:02,025 INFO exited: queue-worker_04 (exit status 1; not expected)
2022-08-19 13:11:02,047 INFO exited: queue-worker_03 (exit status 1; not expected)
2022-08-19 13:11:02,052 INFO exited: queue-worker_01 (exit status 1; not expected)
2022-08-19 13:11:02,052 INFO exited: queue-worker_02 (exit status 1; not expected)
2022-08-19 13:11:02,052 INFO exited: queue-worker_05 (exit status 1; not expected)
2022-08-19 13:11:02,063 INFO exited: queue-worker_06 (exit status 1; not expected)
2022-08-19 13:11:02,066 INFO exited: queue-worker_07 (exit status 1; not expected)
2022-08-19 13:11:04,071 INFO spawned: 'queue-worker_00' with pid 26
2022-08-19 13:11:04,076 INFO spawned: 'queue-worker_01' with pid 27
2022-08-19 13:11:04,079 INFO spawned: 'queue-worker_02' with pid 28
2022-08-19 13:11:04,086 INFO spawned: 'queue-worker_03' with pid 29
2022-08-19 13:11:04,090 INFO spawned: 'queue-worker_04' with pid 30
2022-08-19 13:11:04,094 INFO spawned: 'queue-worker_05' with pid 31
2022-08-19 13:11:04,104 INFO spawned: 'queue-worker_06' with pid 32
2022-08-19 13:11:04,110 INFO spawned: 'queue-worker_07' with pid 33
2022-08-19 13:11:04,129 INFO exited: queue-worker_02 (exit status 1; not expected)
2022-08-19 13:11:04,141 INFO exited: queue-worker_00 (exit status 1; not expected)
2022-08-19 13:11:04,159 INFO exited: queue-worker_01 (exit status 1; not expected)
2022-08-19 13:11:04,168 INFO exited: queue-worker_06 (exit status 1; not expected)
2022-08-19 13:11:04,168 INFO exited: queue-worker_04 (exit status 1; not expected)
2022-08-19 13:11:04,173 INFO exited: queue-worker_07 (exit status 1; not expected)
2022-08-19 13:11:04,181 INFO exited: queue-worker_03 (exit status 1; not expected)
2022-08-19 13:11:04,183 INFO exited: queue-worker_05 (exit status 1; not expected)
2022-08-19 13:11:07,189 INFO spawned: 'queue-worker_00' with pid 34
2022-08-19 13:11:07,194 INFO spawned: 'queue-worker_01' with pid 35
2022-08-19 13:11:07,197 INFO spawned: 'queue-worker_02' with pid 36
2022-08-19 13:11:07,201 INFO spawned: 'queue-worker_03' with pid 37
2022-08-19 13:11:07,207 INFO spawned: 'queue-worker_04' with pid 38
2022-08-19 13:11:07,216 INFO spawned: 'queue-worker_05' with pid 39
2022-08-19 13:11:07,230 INFO spawned: 'queue-worker_06' with pid 40
2022-08-19 13:11:07,245 INFO spawned: 'queue-worker_07' with pid 41
2022-08-19 13:11:07,247 INFO exited: queue-worker_00 (exit status 1; not expected)
2022-08-19 13:11:07,257 INFO gave up: queue-worker_00 entered FATAL state, too many start retries too quickly
2022-08-19 13:11:07,290 INFO exited: queue-worker_01 (exit status 1; not expected)
2022-08-19 13:11:07,290 INFO exited: queue-worker_05 (exit status 1; not expected)
2022-08-19 13:11:07,295 INFO gave up: queue-worker_01 entered FATAL state, too many start retries too quickly
2022-08-19 13:11:07,295 INFO gave up: queue-worker_05 entered FATAL state, too many start retries too quickly
2022-08-19 13:11:07,304 INFO exited: queue-worker_07 (exit status 1; not expected)
2022-08-19 13:11:07,305 INFO gave up: queue-worker_07 entered FATAL state, too many start retries too quickly
2022-08-19 13:11:07,311 INFO exited: queue-worker_02 (exit status 1; not expected)
2022-08-19 13:11:07,313 INFO gave up: queue-worker_02 entered FATAL state, too many start retries too quickly
2022-08-19 13:11:07,313 INFO exited: queue-worker_04 (exit status 1; not expected)
2022-08-19 13:11:07,318 INFO gave up: queue-worker_04 entered FATAL state, too many start retries too quickly
2022-08-19 13:11:07,319 INFO exited: queue-worker_03 (exit status 1; not expected)
2022-08-19 13:11:07,322 INFO gave up: queue-worker_03 entered FATAL state, too many start retries too quickly
2022-08-19 13:11:07,326 INFO exited: queue-worker_06 (exit status 1; not expected)
2022-08-19 13:11:08,328 INFO gave up: queue-worker_06 entered FATAL state, too many start retries too quickly
2022-08-19 13:16:56,036 INFO reaped unknown pid 83 (exit status 0)
2022-08-19 13:32:56,461 WARN received SIGQUIT indicating exit request
2022-08-19 13:32:56,461 INFO waiting for php-fpm to die
2022-08-19 13:32:57,516 INFO stopped: php-fpm (exit status 0)
2022-08-19 13:33:35,593 CRIT Supervisor is running as root.  Privileges were not dropped because no user is specified in the config file.  If you intend to run as root, you can set user=root in the config file to avoid this message.
2022-08-19 13:33:35,607 INFO supervisord started with pid 1
2022-08-19 13:33:36,612 INFO spawned: 'php-fpm' with pid 7
2022-08-19 13:33:36,621 INFO spawned: 'queue-worker_00' with pid 8
2022-08-19 13:33:36,624 INFO spawned: 'queue-worker_01' with pid 9
2022-08-19 13:33:36,628 INFO spawned: 'queue-worker_02' with pid 10
2022-08-19 13:33:36,631 INFO spawned: 'queue-worker_03' with pid 11
2022-08-19 13:33:36,634 INFO spawned: 'queue-worker_04' with pid 12
2022-08-19 13:33:36,657 INFO spawned: 'queue-worker_05' with pid 13
2022-08-19 13:33:36,671 INFO spawned: 'queue-worker_06' with pid 14
2022-08-19 13:33:36,683 INFO spawned: 'queue-worker_07' with pid 15
2022-08-19 13:33:36,739 INFO exited: queue-worker_01 (exit status 1; not expected)
2022-08-19 13:33:36,751 INFO exited: queue-worker_04 (exit status 1; not expected)
2022-08-19 13:33:36,758 INFO exited: queue-worker_02 (exit status 1; not expected)
2022-08-19 13:33:36,765 INFO exited: queue-worker_00 (exit status 1; not expected)
2022-08-19 13:33:36,767 INFO exited: queue-worker_03 (exit status 1; not expected)
2022-08-19 13:33:36,768 INFO exited: queue-worker_05 (exit status 1; not expected)
2022-08-19 13:33:36,779 INFO exited: queue-worker_07 (exit status 1; not expected)
2022-08-19 13:33:36,790 INFO exited: queue-worker_06 (exit status 1; not expected)
2022-08-19 13:33:37,842 INFO success: php-fpm entered RUNNING state, process has stayed up for > than 1 seconds (startsecs)
2022-08-19 13:33:37,845 INFO spawned: 'queue-worker_00' with pid 18
2022-08-19 13:33:37,851 INFO spawned: 'queue-worker_01' with pid 19
2022-08-19 13:33:37,859 INFO spawned: 'queue-worker_02' with pid 20
2022-08-19 13:33:37,867 INFO spawned: 'queue-worker_03' with pid 21
2022-08-19 13:33:37,875 INFO spawned: 'queue-worker_04' with pid 22
2022-08-19 13:33:37,892 INFO spawned: 'queue-worker_05' with pid 23
2022-08-19 13:33:37,916 INFO spawned: 'queue-worker_06' with pid 24
2022-08-19 13:33:37,924 INFO spawned: 'queue-worker_07' with pid 25
2022-08-19 13:33:38,003 INFO exited: queue-worker_00 (exit status 1; not expected)
2022-08-19 13:33:38,018 INFO exited: queue-worker_01 (exit status 1; not expected)
2022-08-19 13:33:38,018 INFO exited: queue-worker_02 (exit status 1; not expected)
2022-08-19 13:33:38,045 INFO exited: queue-worker_03 (exit status 1; not expected)
2022-08-19 13:33:38,046 INFO exited: queue-worker_06 (exit status 1; not expected)
2022-08-19 13:33:38,048 INFO exited: queue-worker_04 (exit status 1; not expected)
2022-08-19 13:33:38,048 INFO exited: queue-worker_05 (exit status 1; not expected)
2022-08-19 13:33:38,058 INFO exited: queue-worker_07 (exit status 1; not expected)
2022-08-19 13:33:40,065 INFO spawned: 'queue-worker_00' with pid 26
2022-08-19 13:33:40,071 INFO spawned: 'queue-worker_01' with pid 27
2022-08-19 13:33:40,076 INFO spawned: 'queue-worker_02' with pid 28
2022-08-19 13:33:40,081 INFO spawned: 'queue-worker_03' with pid 29
2022-08-19 13:33:40,085 INFO spawned: 'queue-worker_04' with pid 30
2022-08-19 13:33:40,101 INFO spawned: 'queue-worker_05' with pid 31
2022-08-19 13:33:40,112 INFO spawned: 'queue-worker_06' with pid 32
2022-08-19 13:33:40,116 INFO spawned: 'queue-worker_07' with pid 33
2022-08-19 13:33:40,128 INFO exited: queue-worker_00 (exit status 1; not expected)
2022-08-19 13:33:40,129 INFO exited: queue-worker_01 (exit status 1; not expected)
2022-08-19 13:33:40,137 INFO exited: queue-worker_05 (exit status 1; not expected)
2022-08-19 13:33:40,154 INFO exited: queue-worker_02 (exit status 1; not expected)
2022-08-19 13:33:40,166 INFO exited: queue-worker_04 (exit status 1; not expected)
2022-08-19 13:33:40,170 INFO exited: queue-worker_07 (exit status 1; not expected)
2022-08-19 13:33:40,176 INFO exited: queue-worker_06 (exit status 1; not expected)
2022-08-19 13:33:40,177 INFO exited: queue-worker_03 (exit status 1; not expected)
2022-08-19 13:33:43,185 INFO spawned: 'queue-worker_00' with pid 34
2022-08-19 13:33:43,192 INFO spawned: 'queue-worker_01' with pid 35
2022-08-19 13:33:43,200 INFO spawned: 'queue-worker_02' with pid 36
2022-08-19 13:33:43,208 INFO spawned: 'queue-worker_03' with pid 37
2022-08-19 13:33:43,221 INFO spawned: 'queue-worker_04' with pid 38
2022-08-19 13:33:43,237 INFO spawned: 'queue-worker_05' with pid 39
2022-08-19 13:33:43,256 INFO spawned: 'queue-worker_06' with pid 40
2022-08-19 13:33:43,270 INFO spawned: 'queue-worker_07' with pid 41
2022-08-19 13:33:43,291 INFO exited: queue-worker_02 (exit status 1; not expected)
2022-08-19 13:33:43,294 INFO gave up: queue-worker_02 entered FATAL state, too many start retries too quickly
2022-08-19 13:33:43,306 INFO exited: queue-worker_00 (exit status 1; not expected)
2022-08-19 13:33:43,310 INFO gave up: queue-worker_00 entered FATAL state, too many start retries too quickly
2022-08-19 13:33:43,314 INFO exited: queue-worker_03 (exit status 1; not expected)
2022-08-19 13:33:43,318 INFO gave up: queue-worker_03 entered FATAL state, too many start retries too quickly
2022-08-19 13:33:43,320 INFO exited: queue-worker_01 (exit status 1; not expected)
2022-08-19 13:33:43,323 INFO gave up: queue-worker_01 entered FATAL state, too many start retries too quickly
2022-08-19 13:33:43,327 INFO exited: queue-worker_05 (exit status 1; not expected)
2022-08-19 13:33:43,328 INFO exited: queue-worker_06 (exit status 1; not expected)
2022-08-19 13:33:43,328 INFO exited: queue-worker_04 (exit status 1; not expected)
2022-08-19 13:33:43,328 INFO gave up: queue-worker_04 entered FATAL state, too many start retries too quickly
2022-08-19 13:33:43,328 INFO gave up: queue-worker_05 entered FATAL state, too many start retries too quickly
2022-08-19 13:33:43,328 INFO gave up: queue-worker_06 entered FATAL state, too many start retries too quickly
2022-08-19 13:33:43,333 INFO exited: queue-worker_07 (exit status 1; not expected)
2022-08-19 13:33:44,335 INFO gave up: queue-worker_07 entered FATAL state, too many start retries too quickly
